kotlin version: 2.2.0
error message: java.lang.RuntimeException: Exception while generating code for:
FUN name:ForgotPasswordScreen visibility:public modality:FINAL returnType:kotlin.Unit
  VALUE_PARAMETER kind:Regular name:navController index:0 type:androidx.navigation.NavHostController
  VALUE_PARAMETER kind:Regular name:modifier index:1 type:androidx.compose.ui.Modifier
    EXPRESSION_BODY
      ERROR_EXPR 'Default Stub' type=androidx.compose.ui.Modifier
  annotations:
    Composable
  BLOCK_BODY
    VAR name:viewModel type:com.example.trustline.presentation.auth.forgot_password.presentation.ForgotPasswordViewModel [val]
      TYPE_OP type=com.example.trustline.presentation.auth.forgot_password.presentation.ForgotPasswordViewModel origin=IMPLICIT_CAST typeOperand=com.example.trustline.presentation.auth.forgot_password.presentation.ForgotPasswordViewModel
        CALL 'public final fun viewModel$default <VM> (viewModelStoreOwner: androidx.lifecycle.ViewModelStoreOwner?, key: kotlin.String?, factory: androidx.lifecycle.ViewModelProvider.Factory?, extras: androidx.lifecycle.viewmodel.CreationExtras?, $mask0: kotlin.Int, $handler: kotlin.Any?): VM of androidx.lifecycle.viewmodel.compose.ViewModelKt.viewModel$default [inline] declared in androidx.lifecycle.viewmodel.compose.ViewModelKt' type=VM of androidx.lifecycle.viewmodel.compose.ViewModelKt.viewModel$default origin=DEFAULT_DISPATCH_CALL
          TYPE_ARG VM: com.example.trustline.presentation.auth.forgot_password.presentation.ForgotPasswordViewModel
          ARG viewModelStoreOwner: COMPOSITE type=androidx.lifecycle.ViewModelStoreOwner? origin=DEFAULT_VALUE
            CONST Null type=androidx.lifecycle.ViewModelStoreOwner? value=null
          ARG key: COMPOSITE type=kotlin.String? origin=DEFAULT_VALUE
            CONST Null type=kotlin.String? value=null
          ARG factory: COMPOSITE type=androidx.lifecycle.ViewModelProvider.Factory? origin=DEFAULT_VALUE
            CONST Null type=androidx.lifecycle.ViewModelProvider.Factory? value=null
          ARG extras: COMPOSITE type=androidx.lifecycle.viewmodel.CreationExtras? origin=DEFAULT_VALUE
            CONST Null type=androidx.lifecycle.viewmodel.CreationExtras? value=null
          ARG $mask0: CONST Int type=kotlin.Int value=15
          ARG $handler: CONST Null type=kotlin.Any? value=null
    VAR name:state type:com.example.trustline.presentation.auth.forgot_password.presentation.ForgotPasswordFormState [val]
      CALL 'public final fun <get-state> (): com.example.trustline.presentation.auth.forgot_password.presentation.ForgotPasswordFormState declared in com.example.trustline.presentation.auth.forgot_password.presentation.ForgotPasswordViewModel' type=com.example.trustline.presentation.auth.forgot_password.presentation.ForgotPasswordFormState origin=GET_PROPERTY
        ARG <this>: GET_VAR 'val viewModel: com.example.trustline.presentation.auth.forgot_password.presentation.ForgotPasswordViewModel [val] declared in com.example.trustline.presentation.auth.forgot_password.presentation.ForgotPasswordScreenKt.ForgotPasswordScreen' type=com.example.trustline.presentation.auth.forgot_password.presentation.ForgotPasswordViewModel origin=null
    VAR name:context type:android.content.Context [val]
      CALL 'public final fun <get-current> (): T of androidx.compose.runtime.CompositionLocal [inline] declared in androidx.compose.runtime.CompositionLocal' type=android.content.Context origin=GET_PROPERTY
        ARG <this>: TYPE_OP type=androidx.compose.runtime.CompositionLocal<T of androidx.compose.runtime.CompositionLocal> origin=IMPLICIT_CAST typeOperand=androidx.compose.runtime.CompositionLocal<T of androidx.compose.runtime.CompositionLocal>
          CALL 'public final fun <get-LocalContext> (): androidx.compose.runtime.ProvidableCompositionLocal<android.content.Context> declared in androidx.compose.ui.platform.AndroidCompositionLocals_androidKt' type=androidx.compose.runtime.ProvidableCompositionLocal<android.content.Context> origin=GET_PROPERTY
    VAR name:focusManager type:androidx.compose.ui.focus.FocusManager [val]
      CALL 'public final fun <get-current> (): T of androidx.compose.runtime.CompositionLocal [inline] declared in androidx.compose.runtime.CompositionLocal' type=androidx.compose.ui.focus.FocusManager origin=GET_PROPERTY
        ARG <this>: TYPE_OP type=androidx.compose.runtime.CompositionLocal<T of androidx.compose.runtime.CompositionLocal> origin=IMPLICIT_CAST typeOperand=androidx.compose.runtime.CompositionLocal<T of androidx.compose.runtime.CompositionLocal>
          CALL 'public final fun <get-LocalFocusManager> (): androidx.compose.runtime.ProvidableCompositionLocal<androidx.compose.ui.focus.FocusManager> declared in androidx.compose.ui.platform.CompositionLocalsKt' type=androidx.compose.runtime.ProvidableCompositionLocal<androidx.compose.ui.focus.FocusManager> origin=GET_PROPERTY
    CALL 'public final fun Box$default (modifier: androidx.compose.ui.Modifier?, contentAlignment: androidx.compose.ui.Alignment?, propagateMinConstraints: kotlin.Boolean, content: @[Composable] @[ExtensionFunctionType] kotlin.Function1<androidx.compose.foundation.layout.BoxScope, kotlin.Unit>, $mask0: kotlin.Int, $handler: kotlin.Any?): kotlin.Unit [inline] declared in androidx.compose.foundation.layout.BoxKt' type=kotlin.Unit origin=DEFAULT_DISPATCH_CALL
      ARG modifier: CALL 'public final fun padding-3ABfNKs ($this$padding: androidx.compose.ui.Modifier, all: androidx.compose.ui.unit.Dp): androidx.compose.ui.Modifier declared in androidx.compose.foundation.layout.PaddingKt' type=androidx.compose.ui.Modifier origin=null
        ARG $this$padding: CALL 'public final fun pointerInput (<this>: androidx.compose.ui.Modifier, key1: kotlin.Any?, block: androidx.compose.ui.input.pointer.PointerInputEventHandler): androidx.compose.ui.Modifier declared in androidx.compose.ui.input.pointer.SuspendingPointerInputFilterKt' type=androidx.compose.ui.Modifier origin=null
          ARG <this>: CALL 'public final fun fillMaxSize$default (<this>: androidx.compose.ui.Modifier, fraction: kotlin.Float, $mask0: kotlin.Int, $handler: kotlin.Any?): androidx.compose.ui.Modifier declared in androidx.compose.foundation.layout.SizeKt' type=androidx.compose.ui.Modifier origin=DEFAULT_DISPATCH_CALL
            ARG <this>: GET_VAR 'modifier: androidx.compose.ui.Modifier declared in com.example.trustline.presentation.auth.forgot_password.presentation.ForgotPasswordScreenKt.ForgotPasswordScreen' type=androidx.compose.ui.Modifier origin=null
            ARG fraction: COMPOSITE type=kotlin.Float origin=DEFAULT_VALUE
              CONST Float type=kotlin.Float value=0.0
            ARG $mask0: CONST Int type=kotlin.Int value=1
            ARG $handler: CONST Null type=kotlin.Any? value=null
          ARG key1: GET_FIELD 'FIELD FIELD_FOR_OBJECT_INSTANCE name:INSTANCE type:kotlin.Unit visibility:public [final,static] declared in kotlin.Unit' type=kotlin.Unit origin=null
          ARG block: BLOCK type=com.example.trustline.presentation.auth.forgot_password.presentation.ForgotPasswordScreenKt.ForgotPasswordScreen.<no name provided> origin=null
            CLASS LAMBDA_IMPL CLASS name:<no name provided> modality:FINAL visibility:public/*package*/ superTypes:[@[RawType] androidx.compose.ui.input.pointer.PointerInputEventHandler]
              thisReceiver: VALUE_PARAMETER INSTANCE_RECEIVER kind:DispatchReceiver name:<this> type:com.example.trustline.presentation.auth.forgot_password.presentation.ForgotPasswordScreenKt.ForgotPasswordScreen.<no name provided>
              CONSTRUCTOR GENERATED_MEMBER_IN_CALLABLE_REFERENCE visibility:public/*package*/ returnType:com.example.trustline.presentation.auth.forgot_password.presentation.ForgotPasswordScreenKt.ForgotPasswordScreen.<no name provided> [primary]
                VALUE_PARAMETER BOUND_VALUE_PARAMETER kind:Regular name:$focusManager index:0 type:androidx.compose.ui.focus.FocusManager
                BLOCK_BODY
                  SET_FIELD 'FIELD FIELD_FOR_CAPTURED_VALUE name:$focusManager type:androidx.compose.ui.focus.FocusManager visibility:public/*package*/ [final] declared in com.example.trustline.presentation.auth.forgot_password.presentation.ForgotPasswordScreenKt.ForgotPasswordScreen.<no name provided>' type=kotlin.Unit origin=INITIALIZER_OF_FIELD_FOR_CAPTURED_VALUE
                    receiver: GET_VAR '<this>: com.example.trustline.presentation.auth.forgot_password.presentation.ForgotPasswordScreenKt.ForgotPasswordScreen.<no name provided> declared in com.example.trustline.presentation.auth.forgot_password.presentation.ForgotPasswordScreenKt.ForgotPasswordScreen.<no name provided>' type=com.example.trustline.presentation.auth.forgot_password.presentation.ForgotPasswordScreenKt.ForgotPasswordScreen.<no name provided> origin=null
                    value: GET_VAR '$focusManager: androidx.compose.ui.focus.FocusManager declared in com.example.trustline.presentation.auth.forgot_password.presentation.ForgotPasswordScreenKt.ForgotPasswordScreen.<no name provided>.<init>' type=androidx.compose.ui.focus.FocusManager origin=null
                  DELEGATING_CONSTRUCTOR_CALL 'public constructor <init> () [primary] declared in kotlin.Any'
                  BLOCK type=kotlin.Unit origin=null
              FUN name:invoke visibility:public modality:FINAL returnType:kotlin.Any? [suspend]
                VALUE_PARAMETER INSTANCE_RECEIVER kind:DispatchReceiver name:<this> index:0 type:com.example.trustline.presentation.auth.forgot_password.presentation.ForgotPasswordScreenKt.ForgotPasswordScreen.<no name provided>
                VALUE_PARAMETER kind:Regular name:$this$pointerInput index:1 type:androidx.compose.ui.input.pointer.PointerInputScope
                VALUE_PARAMETER CONTINUATION_CLASS kind:Regular name:$completion index:2 type:kotlin.coroutines.Continuation<kotlin.Unit>
                overridden:
                  public abstract fun invoke (<this>: androidx.compose.ui.input.pointer.PointerInputScope, $completion: kotlin.coroutines.Continuation<kotlin.Unit>): kotlin.Any? [suspend,operator] declared in androidx.compose.ui.input.pointer.PointerInputEventHandler
                BLOCK_BODY
                  CLASS CONTINUATION_CLASS CLASS name:<Continuation> modality:FINAL visibility:public/*package*/ superTypes:[kotlin.coroutines.jvm.internal.ContinuationImpl]
                    thisReceiver: VALUE_PARAMETER INSTANCE_RECEIVER kind:DispatchReceiver name:<this> type:com.example.trustline.presentation.auth.forgot_password.presentation.ForgotPasswordScreenKt.ForgotPasswordScreen.<no name provided>.invoke.<Continuation>
                    FIELD CONTINUATION_CLASS_RESULT_FIELD name:result type:kotlin.Result<kotlin.Any?> visibility:public/*package*/
                    FIELD FIELD_FOR_OUTER_THIS name:this$0 type:com.example.trustline.presentation.auth.forgot_password.presentation.ForgotPasswordScreenKt.ForgotPasswordScreen.<no name provided> visibility:public/*package*/ [final]
                    FIELD name:label type:kotlin.Int visibility:public/*package*/
                    CONSTRUCTOR visibility:public/*package*/ returnType:com.example.trustline.presentation.auth.forgot_password.presentation.ForgotPasswordScreenKt.ForgotPasswordScreen.<no name provided>.invoke.<Continuation> [primary]
                      VALUE_PARAMETER kind:Regular name:this$0 index:0 type:com.example.trustline.presentation.auth.forgot_password.presentation.ForgotPasswordScreenKt.ForgotPasswordScreen.<no name provided>
                      VALUE_PARAMETER kind:Regular name:$completion index:1 type:kotlin.coroutines.Continuation<com.example.trustline.presentation.auth.forgot_password.presentation.ForgotPasswordScreenKt.ForgotPasswordScreen.<no name provided>.invoke.<Continuation>>?
                      BLOCK_BODY
                        SET_FIELD 'FIELD FIELD_FOR_OUTER_THIS name:this$0 type:com.example.trustline.presentation.auth.forgot_password.presentation.ForgotPasswordScreenKt.ForgotPasswordScreen.<no name provided> visibility:public/*package*/ [final] declared in com.example.trustline.presentation.auth.forgot_password.presentation.ForgotPasswordScreenKt.ForgotPasswordScreen.<no name provided>.invoke.<Continuation>' type=kotlin.Unit origin=null
                          receiver: GET_VAR '<this>: com.example.trustline.presentation.auth.forgot_password.presentation.ForgotPasswordScreenKt.ForgotPasswordScreen.<no name provided>.invoke.<Continuation> declared in com.example.trustline.presentation.auth.forgot_password.presentation.ForgotPasswordScreenKt.ForgotPasswordScreen.<no name provided>.invoke.<Continuation>' type=com.example.trustline.presentation.auth.forgot_password.presentation.ForgotPasswordScreenKt.ForgotPasswordScreen.<no name provided>.invoke.<Continuation> origin=null
                          value: GET_VAR 'this$0: com.example.trustline.presentation.auth.forgot_password.presentation.ForgotPasswordScreenKt.ForgotPasswordScreen.<no name provided> declared in com.example.trustline.presentation.auth.forgot_password.presentation.ForgotPasswordScreenKt.ForgotPasswordScreen.<no name provided>.invoke.<Continuation>.<init>' type=com.example.trustline.presentation.auth.forgot_password.presentation.ForgotPasswordScreenKt.ForgotPasswordScreen.<no name provided> origin=null
                        DELEGATING_CONSTRUCTOR_CALL 'public constructor <init> ($completion: kotlin.coroutines.Continuation<kotlin.Any?>?) declared in kotlin.coroutines.jvm.internal.ContinuationImpl'
                          ARG $completion: GET_VAR '$completion: kotlin.coroutines.Continuation<com.example.trustline.presentation.auth.forgot_password.presentation.ForgotPasswordScreenKt.ForgotPasswordScreen.<no name provided>.invoke.<Continuation>>? declared in com.example.trustline.presentation.auth.forgot_password.presentation.ForgotPasswordScreenKt.ForgotPasswordScreen.<no name provided>.invoke.<Continuation>.<init>' type=kotlin.coroutines.Continuation<com.example.trustline.presentation.auth.forgot_password.presentation.ForgotPasswordScreenKt.ForgotPasswordScreen.<no name provided>.invoke.<Continuation>>? origin=null
                    FUN name:invokeSuspend visibility:public modality:FINAL returnType:kotlin.Any?
                      VALUE_PARAMETER INSTANCE_RECEIVER kind:DispatchReceiver name:<this> index:0 type:com.example.trustline.presentation.auth.forgot_password.presentation.ForgotPasswordScreenKt.ForgotPasswordScreen.<no name provided>.invoke.<Continuation>
                      VALUE_PARAMETER kind:Regular name:$result index:1 type:kotlin.Result<kotlin.Any?>
                      overridden:
                        public abstract fun invokeSuspend ($result: kotlin.Result<kotlin.Any?>): kotlin.Any? declared in kotlin.coroutines.jvm.internal.ContinuationImpl
                      BLOCK_BODY
                        SET_FIELD 'FIELD CONTINUATION_CLASS_RESULT_FIELD name:result type:kotlin.Result<kotlin.Any?> visibility:public/*package*/ declared in com.example.trustline.presentation.auth.forgot_password.presentation.ForgotPasswordScreenKt.ForgotPasswordScreen.<no name provided>.invoke.<Continuation>' type=kotlin.Unit origin=null
                          receiver: GET_VAR '<this>: com.example.trustline.presentation.auth.forgot_password.presentation.ForgotPasswordScreenKt.ForgotPasswordScreen.<no name provided>.invoke.<Continuation> declared in com.example.trustline.presentation.auth.forgot_password.presentation.ForgotPasswordScreenKt.ForgotPasswordScreen.<no name provided>.invoke.<Continuation>.invokeSuspend' type=com.example.trustline.presentation.auth.forgot_password.presentation.ForgotPasswordScreenKt.ForgotPasswordScreen.<no name provided>.invoke.<Continuation> origin=null
                          value: GET_VAR '$result: kotlin.Result<kotlin.Any?> declared in com.example.trustline.presentation.auth.forgot_password.presentation.ForgotPasswordScreenKt.ForgotPasswordScreen.<no name provided>.invoke.<Continuation>.invokeSuspend' type=kotlin.Result<kotlin.Any?> origin=null
                        SET_FIELD 'FIELD name:label type:kotlin.Int visibility:public/*package*/ declared in com.example.trustline.presentation.auth.forgot_password.presentation.ForgotPasswordScreenKt.ForgotPasswordScreen.<no name provided>.invoke.<Continuation>' type=kotlin.Unit origin=null
                          receiver: GET_VAR '<this>: com.example.trustline.presentation.auth.forgot_password.presentation.ForgotPasswordScreenKt.ForgotPasswordScreen.<no name provided>.invoke.<Continuation> declared in com.example.trustline.presentation.auth.forgot_password.presentation.ForgotPasswordScreenKt.ForgotPasswordScreen.<no name provided>.invoke.<Continuation>.invokeSuspend' type=com.example.trustline.presentation.auth.forgot_password.presentation.ForgotPasswordScreenKt.ForgotPasswordScreen.<no name provided>.invoke.<Continuation> origin=null
                          value: CALL 'public final fun or (other: kotlin.Int): kotlin.Int [infix] declared in kotlin.Int' type=kotlin.Int origin=null
                            ARG <this>: GET_FIELD 'FIELD name:label type:kotlin.Int visibility:public/*package*/ declared in com.example.trustline.presentation.auth.forgot_password.presentation.ForgotPasswordScreenKt.ForgotPasswordScreen.<no name provided>.invoke.<Continuation>' type=kotlin.Int origin=null
                              receiver: GET_VAR '<this>: com.example.trustline.presentation.auth.forgot_password.presentation.ForgotPasswordScreenKt.ForgotPasswordScreen.<no name provided>.invoke.<Continuation> declared in com.example.trustline.presentation.auth.forgot_password.presentation.ForgotPasswordScreenKt.ForgotPasswordScreen.<no name provided>.invoke.<Continuation>.invokeSuspend' type=com.example.trustline.presentation.auth.forgot_password.presentation.ForgotPasswordScreenKt.ForgotPasswordScreen.<no name provided>.invoke.<Continuation> origin=null
                            ARG other: CONST Int type=kotlin.Int value=-2147483648
                        RETURN type=kotlin.Nothing from='public final fun invokeSuspend ($result: kotlin.Result<kotlin.Any?>): kotlin.Any? declared in com.example.trustline.presentation.auth.forgot_password.presentation.ForgotPasswordScreenKt.ForgotPasswordScreen.<no name provided>.invoke.<Continuation>'
                          CALL 'public final fun invoke ($this$pointerInput: androidx.compose.ui.input.pointer.PointerInputScope, $completion: kotlin.coroutines.Continuation<kotlin.Unit>): kotlin.Any? [suspend] declared in com.example.trustline.presentation.auth.forgot_password.presentation.ForgotPasswordScreenKt.ForgotPasswordScreen.<no name provided>' type=kotlin.Any? origin=null
                            ARG <this>: GET_FIELD 'FIELD FIELD_FOR_OUTER_THIS name:this$0 type:com.example.trustline.presentation.auth.forgot_password.presentation.ForgotPasswordScreenKt.ForgotPasswordScreen.<no name provided> visibility:public/*package*/ [final] declared in com.example.trustline.presentation.auth.forgot_password.presentation.ForgotPasswordScreenKt.ForgotPasswordScreen.<no name provided>.invoke.<Continuation>' type=com.example.trustline.presentation.auth.forgot_password.presentation.ForgotPasswordScreenKt.ForgotPasswordScreen.<no name provided> origin=null
                              receiver: GET_VAR '<this>: com.example.trustline.presentation.auth.forgot_password.presentation.ForgotPasswordScreenKt.ForgotPasswordScreen.<no name provided>.invoke.<Continuation> declared in com.example.trustline.presentation.auth.forgot_password.presentation.ForgotPasswordScreenKt.ForgotPasswordScreen.<no name provided>.invoke.<Continuation>.invokeSuspend' type=com.example.trustline.presentation.auth.forgot_password.presentation.ForgotPasswordScreenKt.ForgotPasswordScreen.<no name provided>.invoke.<Continuation> origin=null
                            ARG $this$pointerInput: CONST Null type=androidx.compose.ui.input.pointer.PointerInputScope? value=null
                            ARG $completion: GET_VAR '<this>: com.example.trustline.presentation.auth.forgot_password.presentation.ForgotPasswordScreenKt.ForgotPasswordScreen.<no name provided>.invoke.<Continuation> declared in com.example.trustline.presentation.auth.forgot_password.presentation.ForgotPasswordScreenKt.ForgotPasswordScreen.<no name provided>.invoke.<Continuation>.invokeSuspend' type=com.example.trustline.presentation.auth.forgot_password.presentation.ForgotPasswordScreenKt.ForgotPasswordScreen.<no name provided>.invoke.<Continuation> origin=null
                  RETURN type=kotlin.Nothing from='public final fun invoke ($this$pointerInput: androidx.compose.ui.input.pointer.PointerInputScope, $completion: kotlin.coroutines.Continuation<kotlin.Unit>): kotlin.Any? [suspend] declared in com.example.trustline.presentation.auth.forgot_password.presentation.ForgotPasswordScreenKt.ForgotPasswordScreen.<no name provided>'
                    CALL 'public final fun detectTapGestures$default (<this>: androidx.compose.ui.input.pointer.PointerInputScope, onDoubleTap: kotlin.Function1<androidx.compose.ui.geometry.Offset, kotlin.Unit>?, onLongPress: kotlin.Function1<androidx.compose.ui.geometry.Offset, kotlin.Unit>?, onPress: @[ExtensionFunctionType] kotlin.coroutines.SuspendFunction2<androidx.compose.foundation.gestures.PressGestureScope, androidx.compose.ui.geometry.Offset, kotlin.Unit>?, onTap: kotlin.Function1<androidx.compose.ui.geometry.Offset, kotlin.Unit>?, $completion: kotlin.coroutines.Continuation<kotlin.Unit>, $mask0: kotlin.Int, $handler: kotlin.Any?): kotlin.Any? [suspend] declared in androidx.compose.foundation.gestures.TapGestureDetectorKt' type=kotlin.Unit origin=DEFAULT_DISPATCH_CALL
                      ARG <this>: GET_VAR '$this$pointerInput: androidx.compose.ui.input.pointer.PointerInputScope declared in com.example.trustline.presentation.auth.forgot_password.presentation.ForgotPasswordScreenKt.ForgotPasswordScreen.<no name provided>.invoke' type=androidx.compose.ui.input.pointer.PointerInputScope origin=IMPLICIT_ARGUMENT
                      ARG onDoubleTap: COMPOSITE type=kotlin.Function1<androidx.compose.ui.geometry.Offset, kotlin.Unit>? origin=DEFAULT_VALUE
                        CONST Null type=kotlin.Function1<androidx.compose.ui.geometry.Offset, kotlin.Unit>? value=null
                      ARG onLongPress: COMPOSITE type=kotlin.Function1<androidx.compose.ui.geometry.Offset, kotlin.Unit>? origin=DEFAULT_VALUE
                        CONST Null type=kotlin.Function1<androidx.compose.ui.geometry.Offset, kotlin.Unit>? value=null
                      ARG onPress: COMPOSITE type=@[ExtensionFunctionType] kotlin.coroutines.SuspendFunction2<androidx.compose.foundation.gestures.PressGestureScope, androidx.compose.ui.geometry.Offset, kotlin.Unit>? origin=DEFAULT_VALUE
                        CONST Null type=@[ExtensionFunctionType] kotlin.coroutines.SuspendFunction2<androidx.compose.foundation.gestures.PressGestureScope, androidx.compose.ui.geometry.Offset, kotlin.Unit>? value=null
                      ARG onTap: BLOCK type=kotlin.Function1<androidx.compose.ui.geometry.Offset, kotlin.Unit> origin=LAMBDA
                        COMPOSITE type=kotlin.Unit origin=null
                        CALL 'public final fun <jvm-indy> <T> (dynamicCall: T of kotlin.jvm.internal.<jvm-indy>, bootstrapMethodHandle: kotlin.Any, vararg bootstrapMethodArguments: kotlin.Any): T of kotlin.jvm.internal.<jvm-indy> declared in kotlin.jvm.internal' type=kotlin.Function1<androidx.compose.ui.geometry.Offset, kotlin.Unit> origin=null
                          TYPE_ARG T: kotlin.Function1<androidx.compose.ui.geometry.Offset, kotlin.Unit>
                          ARG dynamicCall: CALL 'public final fun invoke (p0: androidx.compose.ui.focus.FocusManager): kotlin.Function1<androidx.compose.ui.geometry.Offset, kotlin.Unit> declared in kotlin.jvm.internal.invokeDynamic' type=kotlin.Function1<androidx.compose.ui.geometry.Offset, kotlin.Unit> origin=null
                            ARG p0: GET_FIELD 'FIELD FIELD_FOR_CAPTURED_VALUE name:$focusManager type:androidx.compose.ui.focus.FocusManager visibility:public/*package*/ [final] declared in com.example.trustline.presentation.auth.forgot_password.presentation.ForgotPasswordScreenKt.ForgotPasswordScreen.<no name provided>' type=androidx.compose.ui.focus.FocusManager origin=null
                              receiver: GET_VAR '<this>: com.example.trustline.presentation.auth.forgot_password.presentation.ForgotPasswordScreenKt.ForgotPasswordScreen.<no name provided> declared in com.example.trustline.presentation.auth.forgot_password.presentation.ForgotPasswordScreenKt.ForgotPasswordScreen.<no name provided>.invoke' type=com.example.trustline.presentation.auth.forgot_password.presentation.ForgotPasswordScreenKt.ForgotPasswordScreen.<no name provided> origin=null
                          ARG bootstrapMethodHandle: CALL 'public final fun <jvm-method-handle> (tag: kotlin.Int, owner: kotlin.String, name: kotlin.String, descriptor: kotlin.String, isInterface: kotlin.Boolean): kotlin.Any declared in kotlin.jvm.internal' type=kotlin.Any origin=null
                            ARG tag: CONST Int type=kotlin.Int value=6
                            ARG owner: CONST String type=kotlin.String value="java/lang/invoke/LambdaMetafactory"
                            ARG name: CONST String type=kotlin.String value="metafactory"
                            ARG descriptor: CONST String type=kotlin.String value="(Ljava/lang/invoke/MethodHandles$Lookup;Ljava/lang/String;Ljava/lang/invoke/MethodType;Ljava/lang/invoke/MethodType;Ljava/lang/invoke/MethodHandle;Ljava/lang/invoke/MethodType;)Ljava/lang/invoke/CallSite;"
                            ARG isInterface: CONST Boolean type=kotlin.Boolean value=false
                          ARG bootstrapMethodArguments: VARARG type=kotlin.Array<kotlin.Any> varargElementType=kotlin.Any
                            CALL 'public final fun <jvm-original-method-type> (method: kotlin.Any): kotlin.Any declared in kotlin.jvm.internal' type=kotlin.Any origin=null
                              ARG method: RAW_FUNCTION_REFERENCE 'public abstract fun invoke (p1: P1 of kotlin.Function1): R of kotlin.Function1 [operator] declared in kotlin.Function1' type=kotlin.Any
                            RAW_FUNCTION_REFERENCE 'private final fun invoke$lambda$0 ($focusManager: androidx.compose.ui.focus.FocusManager, it: androidx.compose.ui.geometry.Offset?): kotlin.Unit? declared in com.example.trustline.presentation.auth.forgot_password.presentation.ForgotPasswordScreenKt.ForgotPasswordScreen.<no name provided>' type=kotlin.Any
                            CALL 'public final fun <jvm-original-method-type> (method: kotlin.Any): kotlin.Any declared in kotlin.jvm.internal' type=kotlin.Any origin=null
                              ARG method: RAW_FUNCTION_REFERENCE 'public abstract fun invoke (p1: androidx.compose.ui.geometry.Offset?): kotlin.Unit? [fake_override,operator] declared in kotlin.jvm.internal.invokeDynamic.<fake>' type=kotlin.Any
                      ARG $completion: GET_VAR '$completion: kotlin.coroutines.Continuation<kotlin.Unit> declared in com.example.trustline.presentation.auth.forgot_password.presentation.ForgotPasswordScreenKt.ForgotPasswordScreen.<no name provided>.invoke' type=kotlin.coroutines.Continuation<kotlin.Unit> origin=null
                      ARG $mask0: CONST Int type=kotlin.Int value=7
                      ARG $handler: CONST Null type=kotlin.Any? value=null
              FUN FAKE_OVERRIDE name:equals visibility:public modality:OPEN returnType:kotlin.Boolean [fake_override,operator]
                VALUE_PARAMETER kind:DispatchReceiver name:<this> index:0 type:kotlin.Any
                VALUE_PARAMETER kind:Regular name:other index:1 type:kotlin.Any?
                overridden:
                  public open fun equals (other: kotlin.Any?): kotlin.Boolean [fake_override,operator] declared in androidx.compose.ui.input.pointer.PointerInputEventHandler
              FUN FAKE_OVERRIDE name:hashCode visibility:public modality:OPEN returnType:kotlin.Int [fake_override]
                VALUE_PARAMETER kind:DispatchReceiver name:<this> index:0 type:kotlin.Any
                overridden:
                  public open fun hashCode (): kotlin.Int [fake_override] declared in androidx.compose.ui.input.pointer.PointerInputEventHandler
              FUN FAKE_OVERRIDE name:toString visibility:public modality:OPEN returnType:kotlin.String [fake_override]
                VALUE_PARAMETER kind:DispatchReceiver name:<this> index:0 type:kotlin.Any
                overridden:
                  public open fun toString (): kotlin.String [fake_override] declared in androidx.compose.ui.input.pointer.PointerInputEventHandler
              FIELD FIELD_FOR_CAPTURED_VALUE name:$focusManager type:androidx.compose.ui.focus.FocusManager visibility:public/*package*/ [final]
              FUN LOCAL_FUNCTION_FOR_LAMBDA name:invoke$lambda$0 visibility:private modality:FINAL returnType:kotlin.Unit?
                VALUE_PARAMETER BOUND_VALUE_PARAMETER kind:Regular name:$focusManager index:0 type:androidx.compose.ui.focus.FocusManager
                VALUE_PARAMETER kind:Regular name:it index:1 type:androidx.compose.ui.geometry.Offset?
                BLOCK_BODY
                  CALL 'public final fun clearFocus$default ($this: androidx.compose.ui.focus.FocusManager, force: kotlin.Boolean, $mask0: kotlin.Int, $handler: kotlin.Any?): kotlin.Unit declared in androidx.compose.ui.focus.FocusManager' type=kotlin.Unit origin=DEFAULT_DISPATCH_CALL
                    ARG $this: GET_VAR '$focusManager: androidx.compose.ui.focus.FocusManager declared in com.example.trustline.presentation.auth.forgot_password.presentation.ForgotPasswordScreenKt.ForgotPasswordScreen.<no name provided>.invoke$lambda$0' type=androidx.compose.ui.focus.FocusManager origin=null
                    ARG force: COMPOSITE type=kotlin.Boolean origin=DEFAULT_VALUE
                      CONST Boolean type=kotlin.Boolean value=false
                    ARG $mask0: CONST Int type=kotlin.Int value=1
                    ARG $handler: CONST Null type=kotlin.Any? value=null
            CONSTRUCTOR_CALL 'public/*package*/ constructor <init> ($focusManager: androidx.compose.ui.focus.FocusManager) [primary] declared in com.example.trustline.presentation.auth.forgot_password.presentation.ForgotPasswordScreenKt.ForgotPasswordScreen.<no name provided>' type=com.example.trustline.presentation.auth.forgot_password.presentation.ForgotPasswordScreenKt.ForgotPasswordScreen.<no name provided> origin=null
              ARG $focusManager: GET_VAR 'val focusManager: androidx.compose.ui.focus.FocusManager [val] declared in com.example.trustline.presentation.auth.forgot_password.presentation.ForgotPasswordScreenKt.ForgotPasswordScreen' type=androidx.compose.ui.focus.FocusManager origin=null
        ARG all: CALL 'public final fun dimensionResource (id: kotlin.Int): androidx.compose.ui.unit.Dp declared in androidx.compose.ui.res.PrimitiveResources_androidKt' type=androidx.compose.ui.unit.Dp origin=null
          ARG id: GET_FIELD 'FIELD IR_EXTERNAL_JAVA_DECLARATION_STUB name:padding_medium type:kotlin.Int visibility:public [static] declared in com.example.trustline.R.dimen' type=kotlin.Int superQualifierSymbol=com.example.trustline.R.dimen origin=null
      ARG contentAlignment: COMPOSITE type=androidx.compose.ui.Alignment? origin=DEFAULT_VALUE
        CONST Null type=androidx.compose.ui.Alignment? value=null
      ARG propagateMinConstraints: COMPOSITE type=kotlin.Boolean origin=DEFAULT_VALUE
        CONST Boolean type=kotlin.Boolean value=false
      ARG content: BLOCK type=@[ExtensionFunctionType] kotlin.Function1<androidx.compose.foundation.layout.BoxScope, kotlin.Unit> origin=LAMBDA
        COMPOSITE type=kotlin.Unit origin=null
        FUNCTION_REFERENCE 'private final fun ForgotPasswordScreen$lambda$4 ($this$Box: androidx.compose.foundation.layout.BoxScope, $context: android.content.Context, $viewModel: com.example.trustline.presentation.auth.forgot_password.presentation.ForgotPasswordViewModel, $modifier: androidx.compose.ui.Modifier, $state: com.example.trustline.presentation.auth.forgot_password.presentation.ForgotPasswordFormState): kotlin.Unit declared in com.example.trustline.presentation.auth.forgot_password.presentation.ForgotPasswordScreenKt' type=@[ExtensionFunctionType] kotlin.Function1<androidx.compose.foundation.layout.BoxScope, kotlin.Unit> origin=INLINE_LAMBDA reflectionTarget=null
          ARG $context: GET_VAR 'val context: android.content.Context [val] declared in com.example.trustline.presentation.auth.forgot_password.presentation.ForgotPasswordScreenKt.ForgotPasswordScreen' type=android.content.Context origin=null
          ARG $viewModel: GET_VAR 'val viewModel: com.example.trustline.presentation.auth.forgot_password.presentation.ForgotPasswordViewModel [val] declared in com.example.trustline.presentation.auth.forgot_password.presentation.ForgotPasswordScreenKt.ForgotPasswordScreen' type=com.example.trustline.presentation.auth.forgot_password.presentation.ForgotPasswordViewModel origin=null
          ARG $modifier: GET_VAR 'modifier: androidx.compose.ui.Modifier declared in com.example.trustline.presentation.auth.forgot_password.presentation.ForgotPasswordScreenKt.ForgotPasswordScreen' type=androidx.compose.ui.Modifier origin=null
          ARG $state: GET_VAR 'val state: com.example.trustline.presentation.auth.forgot_password.presentation.ForgotPasswordFormState [val] declared in com.example.trustline.presentation.auth.forgot_password.presentation.ForgotPasswordScreenKt.ForgotPasswordScreen' type=com.example.trustline.presentation.auth.forgot_password.presentation.ForgotPasswordFormState origin=null
      ARG $mask0: CONST Int type=kotlin.Int value=6
      ARG $handler: CONST Null type=kotlin.Any? value=null

	at org.jetbrains.kotlin.backend.jvm.codegen.FunctionCodegen.generate(FunctionCodegen.kt:50)
	at org.jetbrains.kotlin.backend.jvm.codegen.FunctionCodegen.generate$default(FunctionCodegen.kt:43)
	at org.jetbrains.kotlin.backend.jvm.codegen.ClassCodegen.generateMethodNode(ClassCodegen.kt:422)
	at org.jetbrains.kotlin.backend.jvm.codegen.ClassCodegen.generateMethod(ClassCodegen.kt:439)
	at org.jetbrains.kotlin.backend.jvm.codegen.ClassCodegen.generate(ClassCodegen.kt:164)
	at org.jetbrains.kotlin.backend.jvm.JvmIrCodegenFactory.generateFile(JvmIrCodegenFactory.kt:419)
	at org.jetbrains.kotlin.backend.jvm.JvmIrCodegenFactory.invokeCodegen(JvmIrCodegenFactory.kt:388)
	at org.jetbrains.kotlin.cli.jvm.compiler.KotlinToJVMBytecodeCompiler.runCodegen$cli(KotlinToJVMBytecodeCompiler.kt:432)
	at org.jetbrains.kotlin.cli.pipeline.jvm.JvmBackendPipelinePhase.executePhase(JvmBackendPipelinePhase.kt:95)
	at org.jetbrains.kotlin.cli.pipeline.jvm.JvmBackendPipelinePhase.executePhase(JvmBackendPipelinePhase.kt:36)
	at org.jetbrains.kotlin.cli.pipeline.jvm.JvmBackendPipelinePhase.executePhase(JvmBackendPipelinePhase.kt:29)
	at org.jetbrains.kotlin.cli.pipeline.PipelinePhase.phaseBody(PipelinePhase.kt:68)
	at org.jetbrains.kotlin.cli.pipeline.PipelinePhase.phaseBody(PipelinePhase.kt:58)
	at org.jetbrains.kotlin.config.phaser.NamedCompilerPhase.invoke(CompilerPhase.kt:102)
	at org.jetbrains.kotlin.backend.common.phaser.CompositePhase.invoke(PhaseBuilders.kt:22)
	at org.jetbrains.kotlin.config.phaser.CompilerPhaseKt.invokeToplevel(CompilerPhase.kt:53)
	at org.jetbrains.kotlin.cli.pipeline.AbstractCliPipeline.runPhasedPipeline(AbstractCliPipeline.kt:109)
	at org.jetbrains.kotlin.cli.pipeline.AbstractCliPipeline.execute(AbstractCliPipeline.kt:68)
	at org.jetbrains.kotlin.cli.jvm.K2JVMCompiler.doExecutePhased(K2JVMCompiler.kt:78)
	at org.jetbrains.kotlin.cli.jvm.K2JVMCompiler.doExecutePhased(K2JVMCompiler.kt:44)
	at org.jetbrains.kotlin.cli.common.CLICompiler.execImpl(CLICompiler.kt:90)
	at org.jetbrains.kotlin.cli.common.CLICompiler.exec(CLICompiler.kt:352)
	at org.jetbrains.kotlin.incremental.IncrementalJvmCompilerRunnerBase.runCompiler(IncrementalJvmCompilerRunnerBase.kt:175)
	at org.jetbrains.kotlin.incremental.IncrementalJvmCompilerRunnerBase.runCompiler(IncrementalJvmCompilerRunnerBase.kt:38)
	at org.jetbrains.kotlin.incremental.IncrementalCompilerRunner.doCompile(IncrementalCompilerRunner.kt:504)
	at org.jetbrains.kotlin.incremental.IncrementalCompilerRunner.compileImpl(IncrementalCompilerRunner.kt:421)
	at org.jetbrains.kotlin.incremental.IncrementalCompilerRunner.compileNonIncrementally(IncrementalCompilerRunner.kt:306)
	at org.jetbrains.kotlin.incremental.IncrementalCompilerRunner.compile(IncrementalCompilerRunner.kt:133)
	at org.jetbrains.kotlin.daemon.CompileServiceImplBase.execIncrementalCompiler(CompileServiceImpl.kt:679)
	at org.jetbrains.kotlin.daemon.CompileServiceImplBase.access$execIncrementalCompiler(CompileServiceImpl.kt:93)
	at org.jetbrains.kotlin.daemon.CompileServiceImpl.compile(CompileServiceImpl.kt:1806)
	at java.base/jdk.internal.reflect.DirectMethodHandleAccessor.invoke(Unknown Source)
	at java.base/java.lang.reflect.Method.invoke(Unknown Source)
	at java.rmi/sun.rmi.server.UnicastServerRef.dispatch(Unknown Source)
	at java.rmi/sun.rmi.transport.Transport$1.run(Unknown Source)
	at java.rmi/sun.rmi.transport.Transport$1.run(Unknown Source)
	at java.base/java.security.AccessController.doPrivileged(Unknown Source)
	at java.rmi/sun.rmi.transport.Transport.serviceCall(Unknown Source)
	at java.rmi/sun.rmi.transport.tcp.TCPTransport.handleMessages(Unknown Source)
	at java.rmi/sun.rmi.transport.tcp.TCPTransport$ConnectionHandler.run0(Unknown Source)
	at java.rmi/sun.rmi.transport.tcp.TCPTransport$ConnectionHandler.lambda$run$0(Unknown Source)
	at java.base/java.security.AccessController.doPrivileged(Unknown Source)
	at java.rmi/sun.rmi.transport.tcp.TCPTransport$ConnectionHandler.run(Unknown Source)
	at java.base/java.util.concurrent.ThreadPoolExecutor.runWorker(Unknown Source)
	at java.base/java.util.concurrent.ThreadPoolExecutor$Worker.run(Unknown Source)
	at java.base/java.lang.Thread.run(Unknown Source)
Caused by: org.jetbrains.kotlin.codegen.CompilationException: Back-end (JVM) Internal error: Couldn't inline method call: CALL 'public final fun viewModel$default <VM> (viewModelStoreOwner: androidx.lifecycle.ViewModelStoreOwner?, key: kotlin.String?, factory: androidx.lifecycle.ViewModelProvider.Factory?, extras: androidx.lifecycle.viewmodel.CreationExtras?, $mask0: kotlin.Int, $handler: kotlin.Any?): VM of androidx.lifecycle.viewmodel.compose.ViewModelKt.viewModel$default [inline] declared in androidx.lifecycle.viewmodel.compose.ViewModelKt' type=VM of androidx.lifecycle.viewmodel.compose.ViewModelKt.viewModel$default origin=DEFAULT_DISPATCH_CALL
Method: null
File is unknown
The root cause java.lang.IllegalStateException was thrown at: org.jetbrains.kotlin.codegen.inline.SourceCompilerForInlineKt.getMethodNode(SourceCompilerForInline.kt:129)
	at org.jetbrains.kotlin.backend.jvm.codegen.IrInlineCodegen.genInlineCall(IrInlineCodegen.kt:82)
	at org.jetbrains.kotlin.backend.jvm.codegen.IrInlineCallGenerator.genCall(IrInlineCallGenerator.kt:36)
	at org.jetbrains.kotlin.backend.jvm.codegen.ExpressionCodegen.visitCall(ExpressionCodegen.kt:586)
	at org.jetbrains.kotlin.backend.jvm.codegen.ExpressionCodegen.visitCall(ExpressionCodegen.kt:135)
	at org.jetbrains.kotlin.ir.expressions.IrCall.accept(IrCall.kt:24)
	at org.jetbrains.kotlin.backend.jvm.codegen.ExpressionCodegen.visitTypeOperator(ExpressionCodegen.kt:1075)
	at org.jetbrains.kotlin.backend.jvm.codegen.ExpressionCodegen.visitTypeOperator(ExpressionCodegen.kt:135)
	at org.jetbrains.kotlin.ir.expressions.IrTypeOperatorCall.accept(IrTypeOperatorCall.kt:26)
	at org.jetbrains.kotlin.backend.jvm.codegen.ExpressionCodegen.visitVariable(ExpressionCodegen.kt:725)
	at org.jetbrains.kotlin.backend.jvm.codegen.ExpressionCodegen.visitVariable(ExpressionCodegen.kt:135)
	at org.jetbrains.kotlin.ir.declarations.IrVariable.accept(IrVariable.kt:36)
	at org.jetbrains.kotlin.backend.jvm.codegen.ExpressionCodegen.visitStatementContainer(ExpressionCodegen.kt:527)
	at org.jetbrains.kotlin.backend.jvm.codegen.ExpressionCodegen.visitBlockBody(ExpressionCodegen.kt:532)
	at org.jetbrains.kotlin.backend.jvm.codegen.ExpressionCodegen.visitBlockBody(ExpressionCodegen.kt:135)
	at org.jetbrains.kotlin.ir.expressions.IrBlockBody.accept(IrBlockBody.kt:20)
	at org.jetbrains.kotlin.backend.jvm.codegen.ExpressionCodegen.generate(ExpressionCodegen.kt:233)
	at org.jetbrains.kotlin.backend.jvm.codegen.FunctionCodegen.doGenerate(FunctionCodegen.kt:126)
	at org.jetbrains.kotlin.backend.jvm.codegen.FunctionCodegen.generate(FunctionCodegen.kt:47)
	... 45 more
Caused by: java.lang.IllegalStateException: couldn't find inline method Landroidx/lifecycle/viewmodel/compose/ViewModelKt__ViewModelKt;.viewModel$default(Landroidx/lifecycle/ViewModelStoreOwner;Ljava/lang/String;Landroidx/lifecycle/ViewModelProvider$Factory;Landroidx/lifecycle/viewmodel/CreationExtras;ILjava/lang/Object;)Landroidx/lifecycle/ViewModel;
	at org.jetbrains.kotlin.codegen.inline.SourceCompilerForInlineKt.getMethodNode(SourceCompilerForInline.kt:129)
	at org.jetbrains.kotlin.codegen.inline.SourceCompilerForInlineKt.loadCompiledInlineFunction$lambda$2(SourceCompilerForInline.kt:98)
	at org.jetbrains.kotlin.codegen.inline.InlineCache.computeMethodBytes(InlineCache.kt:90)
	at org.jetbrains.kotlin.codegen.inline.SourceCompilerForInlineKt.loadCompiledInlineFunction(SourceCompilerForInline.kt:93)
	at org.jetbrains.kotlin.backend.jvm.codegen.IrSourceCompilerForInline.compileInlineFunction(IrSourceCompilerForInline.kt:96)
	at org.jetbrains.kotlin.backend.jvm.codegen.IrInlineCodegen.genInlineCall(IrInlineCodegen.kt:65)
	... 62 more


